2017-08-22 21:58:30 INFO  AppMain:12 - .......Hibernate Crud Operations Example.......

2017-08-22 21:58:30 INFO  AppMain:14 - 
=======CREATE RECORDS=======

2017-08-22 21:58:32 INFO  DbOperations:57 - 
Successfully Created '5' Records In The Database!

2017-08-22 21:58:32 INFO  AppMain:17 - 
=======READ RECORDS=======

2017-08-22 21:58:32 INFO  AppMain:21 - Student Details?= Id: 1, Name: Editor 101, Roll No.: 101, Course: Bachelor Of Technology
2017-08-22 21:58:32 INFO  AppMain:21 - Student Details?= Id: 2, Name: Editor 102, Roll No.: 102, Course: Bachelor Of Technology
2017-08-22 21:58:32 INFO  AppMain:21 - Student Details?= Id: 3, Name: Editor 103, Roll No.: 103, Course: Bachelor Of Technology
2017-08-22 21:58:32 INFO  AppMain:21 - Student Details?= Id: 4, Name: Editor 104, Roll No.: 104, Course: Bachelor Of Technology
2017-08-22 21:58:32 INFO  AppMain:21 - Student Details?= Id: 5, Name: Editor 105, Roll No.: 105, Course: Bachelor Of Technology
2017-08-22 21:58:32 INFO  AppMain:25 - 
=======UPDATE RECORDS=======

2017-08-22 21:58:32 INFO  DbOperations:111 - 
Student With Id?= 1 Is Successfully Updated In The Database!

2017-08-22 21:58:32 INFO  AppMain:28 - 
=======READ RECORDS AFTER UPDATION=======

2017-08-22 21:58:32 INFO  AppMain:32 - Student Details?= Id: 1, Name: Java Code Geek, Roll No.: 101, Course: Masters Of Technology
2017-08-22 21:58:32 INFO  AppMain:32 - Student Details?= Id: 2, Name: Editor 102, Roll No.: 102, Course: Bachelor Of Technology
2017-08-22 21:58:32 INFO  AppMain:32 - Student Details?= Id: 3, Name: Editor 103, Roll No.: 103, Course: Bachelor Of Technology
2017-08-22 21:58:32 INFO  AppMain:32 - Student Details?= Id: 4, Name: Editor 104, Roll No.: 104, Course: Bachelor Of Technology
2017-08-22 21:58:32 INFO  AppMain:32 - Student Details?= Id: 5, Name: Editor 105, Roll No.: 105, Course: Bachelor Of Technology
2017-08-22 21:58:32 INFO  AppMain:36 - 
=======DELETE RECORD=======

2017-08-22 21:58:32 INFO  DbOperations:139 - 
Student With Id?= 5 Is Successfully Deleted From The Database!

2017-08-22 21:58:32 INFO  AppMain:39 - 
=======READ RECORDS AFTER DELETION=======

2017-08-22 21:58:32 INFO  AppMain:42 - Student Details?= Id: 1, Name: Java Code Geek, Roll No.: 101, Course: Masters Of Technology
2017-08-22 21:58:32 INFO  AppMain:42 - Student Details?= Id: 2, Name: Editor 102, Roll No.: 102, Course: Bachelor Of Technology
2017-08-22 21:58:32 INFO  AppMain:42 - Student Details?= Id: 3, Name: Editor 103, Roll No.: 103, Course: Bachelor Of Technology
2017-08-22 21:58:32 INFO  AppMain:42 - Student Details?= Id: 4, Name: Editor 104, Roll No.: 104, Course: Bachelor Of Technology
2017-08-22 21:58:32 INFO  AppMain:45 - 
=======DELETE ALL RECORDS=======

2017-08-22 21:58:33 INFO  DbOperations:187 - 
Successfully Deleted All Records From The Database Table!

2017-08-22 21:58:33 INFO  AppMain:47 - 
=======READ RECORDS AFTER ALL RECORDS DELETION=======
2017-08-22 21:58:33 INFO  AppMain:50 - 
No Records Are Present In The Database Table!

